<?xml version="1.0" encoding="UTF-8"?>
<!-- Generated by org.testng.reporters.JUnitXMLReporter -->
<testsuite hostname="Dell-PC" ignored="0" name="Chrome" tests="4" failures="1" timestamp="24 Sep 2022 17:44:56 GMT" time="65.882" errors="0">
  <testcase name="verifyUrlTitle" time="3.467" classname="Pack6.LoginOrange"/>
  <testcase name="verifytryityourself" time="15.202" classname="Pack6.TestTryItYourself">
    <failure type="org.apache.poi.EmptyFileException" message="The supplied file was empty (zero bytes long)">
      <![CDATA[org.apache.poi.EmptyFileException: The supplied file was empty (zero bytes long)
	at org.apache.poi.ss.usermodel.WorkbookFactory.create(WorkbookFactory.java:193)
	at org.apache.poi.ss.usermodel.WorkbookFactory.create(WorkbookFactory.java:163)
	at Utils.Utilities.getDataFromExcelSheet(Utilities.java:52)
	at Pack6.TestTryItYourself.verifytryityourself(TestTryItYourself.java:82)
... Removed 25 stack frames]]>
    </failure>
  </testcase> <!-- verifytryityourself -->
  <testcase name="verifyHrAdminIsDisplayed" time="12.81" classname="Pack6.TestOfOrangeHrm"/>
  <testcase name="verifyCaseStudyIsDisplayed" time="0.384" classname="Pack6.TestOfOrangeHrm"/>
</testsuite> <!-- Chrome -->
