<?xml version="1.0" encoding="UTF-8"?>
<!-- Generated by org.testng.reporters.JUnitXMLReporter -->
<testsuite hostname="Dell-PC" ignored="0" name="Firefox" tests="4" failures="2" timestamp="24 Sep 2022 17:46:08 GMT" time="71.597" errors="0">
  <testcase name="verifyUrlTitle" time="0.025" classname="Pack6.LoginOrange"/>
  <testcase name="verifytryityourself" time="9.46" classname="Pack6.TestTryItYourself">
    <failure type="org.apache.poi.EmptyFileException" message="The supplied file was empty (zero bytes long)">
      <![CDATA[org.apache.poi.EmptyFileException: The supplied file was empty (zero bytes long)
	at org.apache.poi.ss.usermodel.WorkbookFactory.create(WorkbookFactory.java:193)
	at org.apache.poi.ss.usermodel.WorkbookFactory.create(WorkbookFactory.java:163)
	at Utils.Utilities.getDataFromExcelSheet(Utilities.java:52)
	at Pack6.TestTryItYourself.verifytryityourself(TestTryItYourself.java:82)
... Removed 25 stack frames]]>
    </failure>
  </testcase> <!-- verifytryityourself -->
  <testcase name="verifyHrAdminIsDisplayed" time="6.973" classname="Pack6.TestOfOrangeHrm">
    <failure type="java.lang.AssertionError" message="The following asserts failed:
	is not displayed expected [true] but found [false]">
      <![CDATA[java.lang.AssertionError: The following asserts failed:
	is not displayed expected [true] but found [false]
	at Pack6.TestOfOrangeHrm.verifyHrAdminIsDisplayed(TestOfOrangeHrm.java:76)
... Removed 26 stack frames]]>
    </failure>
  </testcase> <!-- verifyHrAdminIsDisplayed -->
  <testcase name="verifyCaseStudyIsDisplayed" time="0.3" classname="Pack6.TestOfOrangeHrm"/>
</testsuite> <!-- Firefox -->
